2025-11-27 20:58:59,964:INFO: Loading the datasets...
2025-11-27 21:01:42,136:INFO: Loading the datasets...
2025-11-27 21:02:06,874:INFO: - done.
2025-11-27 21:02:08,798:INFO: Starting training for 8 epoch(s)
2025-11-27 21:02:08,798:INFO: Using pos_weight = 0.524 (based on 65.6% success, 34.4% failure distribution)
2025-11-27 21:02:08,798:INFO: This balances the loss to account for class imbalance
2025-11-27 21:02:08,798:INFO: Epoch 1/8
2025-11-27 21:04:50,597:INFO: Loading the datasets...
2025-11-27 21:05:14,083:INFO: - done.
2025-11-27 21:05:15,711:INFO: Starting training for 7 epoch(s)
2025-11-27 21:05:15,713:INFO: Using pos_weight = 0.524 (based on 65.6% success, 34.4% failure distribution)
2025-11-27 21:05:15,713:INFO: This balances the loss to account for class imbalance
2025-11-27 21:05:15,713:INFO: Epoch 1/7
2025-11-27 21:08:08,599:INFO: Loading the datasets...
2025-11-27 21:08:29,759:INFO: - done.
2025-11-27 21:08:30,697:INFO: Starting training for 5 epoch(s)
2025-11-27 21:08:30,697:INFO: Using pos_weight = 0.524 (based on 65.6% success, 34.4% failure distribution)
2025-11-27 21:08:30,697:INFO: This balances the loss to account for class imbalance
2025-11-27 21:08:30,697:INFO: Epoch 1/5
2025-11-27 21:12:36,415:INFO: Loading the datasets...
2025-11-27 21:12:57,301:INFO: - done.
2025-11-27 21:12:58,216:INFO: Starting training for 5 epoch(s)
2025-11-27 21:12:58,216:INFO: Using pos_weight = 0.524 (based on 65.6% success, 34.4% failure distribution)
2025-11-27 21:12:58,216:INFO: This balances the loss to account for class imbalance
2025-11-27 21:12:58,216:INFO: Epoch 1/5
2025-11-27 22:00:22,525:INFO: Loading the datasets...
2025-11-27 22:01:04,859:INFO: - done.
2025-11-27 22:01:06,782:INFO: Starting training for 5 epoch(s)
2025-11-27 22:01:06,782:INFO: Using pos_weight = 0.524 (based on 65.6% success, 34.4% failure distribution)
2025-11-27 22:01:06,782:INFO: This balances the loss to account for class imbalance
2025-11-27 22:01:06,782:INFO: Epoch 1/5
2025-11-27 22:02:02,638:INFO: - Train metrics: accuracy: 0.659 ; loss: 0.422
2025-11-27 22:02:08,790:INFO: - Eval metrics: accuracy: 0.607 ; loss: 0.431 ; roc_auc: 0.723 ; avg_precision: 0.817
2025-11-27 22:02:08,820:INFO: - Found new best Average Precision
2025-11-27 22:02:08,821:INFO: Epoch 2/5
2025-11-27 22:03:03,836:INFO: - Train metrics: accuracy: 0.666 ; loss: 0.415
2025-11-27 22:03:08,843:INFO: - Eval metrics: accuracy: 0.677 ; loss: 0.416 ; roc_auc: 0.732 ; avg_precision: 0.822
2025-11-27 22:03:08,893:INFO: - Found new best Average Precision
2025-11-27 22:03:08,894:INFO: Epoch 3/5
2025-11-27 22:04:03,948:INFO: - Train metrics: accuracy: 0.669 ; loss: 0.416
2025-11-27 22:04:08,998:INFO: - Eval metrics: accuracy: 0.629 ; loss: 0.426 ; roc_auc: 0.728 ; avg_precision: 0.821
2025-11-27 22:04:09,030:INFO: Epoch 4/5
2025-11-27 22:05:04,231:INFO: - Train metrics: accuracy: 0.675 ; loss: 0.413
2025-11-27 22:05:09,264:INFO: - Eval metrics: accuracy: 0.678 ; loss: 0.421 ; roc_auc: 0.728 ; avg_precision: 0.817
2025-11-27 22:05:09,295:INFO: Epoch 5/5
2025-11-27 22:06:04,325:INFO: - Train metrics: accuracy: 0.676 ; loss: 0.411
2025-11-27 22:06:09,425:INFO: - Eval metrics: accuracy: 0.687 ; loss: 0.422 ; roc_auc: 0.725 ; avg_precision: 0.821
2025-11-27 22:06:09,457:INFO: Saved training history to experiments/quick_train_improved/training_history.json
2025-11-27 22:06:10,829:INFO: Saved training curves to experiments/quick_train_improved
