2025-11-27 05:53:39,926:INFO: Loading the datasets...
2025-11-27 05:54:20,678:INFO: - done.
2025-11-27 05:54:22,617:INFO: Starting training for 10 epoch(s)
2025-11-27 05:54:22,617:INFO: Computing class distribution from training data...
2025-11-27 06:16:14,821:INFO: Loading the datasets...
2025-11-27 06:17:04,620:INFO: - done.
2025-11-27 06:17:06,645:INFO: Starting training for 10 epoch(s)
2025-11-27 06:17:06,646:INFO: Using pos_weight = 0.524 (based on 65.6% success, 34.4% failure distribution)
2025-11-27 06:17:06,646:INFO: This balances the loss to account for class imbalance
2025-11-27 06:17:06,646:INFO: Epoch 1/10
2025-11-27 06:22:43,749:INFO: Loading the datasets...
2025-11-27 06:23:25,101:INFO: - done.
2025-11-27 06:23:26,741:INFO: Starting training for 5 epoch(s)
2025-11-27 06:23:26,741:INFO: Using pos_weight = 0.524 (based on 65.6% success, 34.4% failure distribution)
2025-11-27 06:23:26,741:INFO: This balances the loss to account for class imbalance
2025-11-27 06:23:26,741:INFO: Epoch 1/5
2025-11-27 08:40:04,802:INFO: - Train metrics: accuracy: 0.651 ; loss: 0.429
2025-11-27 09:11:07,650:INFO: - Eval metrics: accuracy: 0.629 ; loss: 0.424 ; roc_auc: 0.718 ; avg_precision: 0.816
2025-11-27 09:11:07,701:INFO: - Found new best Average Precision
2025-11-27 09:11:07,701:INFO: Epoch 2/5
2025-11-27 11:27:21,050:INFO: - Train metrics: accuracy: 0.662 ; loss: 0.419
2025-11-27 11:58:31,549:INFO: - Eval metrics: accuracy: 0.694 ; loss: 0.424 ; roc_auc: 0.723 ; avg_precision: 0.821
2025-11-27 11:58:31,650:INFO: - Found new best Average Precision
2025-11-27 11:58:31,651:INFO: Epoch 3/5
2025-11-27 14:14:32,969:INFO: - Train metrics: accuracy: 0.658 ; loss: 0.423
2025-11-27 14:45:27,403:INFO: - Eval metrics: accuracy: 0.651 ; loss: 0.425 ; roc_auc: 0.724 ; avg_precision: 0.822
2025-11-27 14:45:27,502:INFO: - Found new best Average Precision
2025-11-27 14:45:27,503:INFO: Epoch 4/5
2025-11-27 17:00:44,371:INFO: - Train metrics: accuracy: 0.668 ; loss: 0.417
2025-11-27 17:31:25,646:INFO: - Eval metrics: accuracy: 0.659 ; loss: 0.416 ; roc_auc: 0.730 ; avg_precision: 0.823
2025-11-27 17:31:25,744:INFO: - Found new best Average Precision
2025-11-27 17:31:25,745:INFO: Epoch 5/5
2025-11-27 19:45:50,761:INFO: - Train metrics: accuracy: 0.667 ; loss: 0.420
