2025-11-29 16:44:31,531:INFO: Creating the dataset...
2025-11-29 16:44:31,544:INFO: - done.
2025-11-29 16:44:31,552:INFO: Using grasp-aware attention with sigma=0.05
2025-11-29 16:44:31,552:INFO: Starting evaluation from best
2025-11-29 16:44:31,582:INFO: Using pos_weight = 0.524 (same as training)
2025-11-29 16:44:31,582:INFO: Note: pos_weight only affects loss calculation, not accuracy/predictions
2025-11-29 16:44:32,028:INFO: - Test metrics: accuracy: 0.367 ; loss: 0.600 ; roc_auc: 0.593 ; avg_precision: 0.421
2025-11-29 16:44:33,038:INFO: - Saved curves to experiments/grasp_attention
2025-11-29 16:48:28,102:INFO: Creating the dataset...
2025-11-29 16:48:28,122:INFO: - done.
2025-11-29 16:48:28,130:INFO: Using grasp-aware attention with sigma=0.05
2025-11-29 16:48:28,130:INFO: Starting evaluation from best
2025-11-29 16:48:28,176:INFO: Using pos_weight = 0.524 (same as training)
2025-11-29 16:48:28,177:INFO: Note: pos_weight only affects loss calculation, not accuracy/predictions
2025-11-29 16:48:36,386:INFO: - Test metrics: accuracy: 0.645 ; loss: 0.745 ; roc_auc: 0.476 ; avg_precision: 0.616
2025-11-29 16:48:37,417:INFO: - Saved curves to experiments/grasp_attention
2025-11-29 17:26:02,544:INFO: Creating the dataset...
2025-11-29 17:26:02,564:INFO: - done.
2025-11-29 17:26:02,572:INFO: Using grasp-aware attention with sigma=0.05
2025-11-29 17:26:02,572:INFO: Starting evaluation from best
2025-11-29 17:26:02,619:INFO: Using pos_weight = 0.524 (same as training)
2025-11-29 17:26:02,619:INFO: Note: pos_weight only affects loss calculation, not accuracy/predictions
2025-11-29 17:26:10,511:INFO: - Test metrics: accuracy: 0.355 ; loss: 2.087 ; roc_auc: 0.287 ; avg_precision: 0.511
2025-11-29 17:26:11,526:INFO: - Saved curves to experiments/grasp_attention
