2025-11-29 16:44:04,127:INFO: Loading the datasets...
2025-11-29 16:44:04,145:INFO: - done.
2025-11-29 16:44:04,153:INFO: Using grasp-aware attention with sigma=0.05
2025-11-29 16:44:07,069:INFO: Starting training for 10 epoch(s)
2025-11-29 16:44:07,069:INFO: Using pos_weight = 0.524 (based on 65.6% success, 34.4% failure distribution)
2025-11-29 16:44:07,069:INFO: This balances the loss to account for class imbalance
2025-11-29 16:44:07,069:INFO: Epoch 1/10
2025-11-29 16:44:07,595:INFO: - Train metrics: accuracy: 0.467 ; loss: 0.426
2025-11-29 16:44:07,746:WARNING: - Eval: No data in dataloader, skipping evaluation
2025-11-29 16:44:07,861:INFO: - Found new best Average Precision
2025-11-29 16:44:07,870:INFO: Epoch 2/10
2025-11-29 16:44:08,479:INFO: - Train metrics: accuracy: 0.600 ; loss: 0.399
2025-11-29 16:44:08,625:WARNING: - Eval: No data in dataloader, skipping evaluation
2025-11-29 16:44:08,757:INFO: - Found new best Average Precision
2025-11-29 16:44:08,768:INFO: Epoch 3/10
2025-11-29 16:44:09,402:INFO: - Train metrics: accuracy: 0.533 ; loss: 0.380
2025-11-29 16:44:09,535:WARNING: - Eval: No data in dataloader, skipping evaluation
2025-11-29 16:44:09,634:INFO: - Found new best Average Precision
2025-11-29 16:44:09,644:INFO: Epoch 4/10
2025-11-29 16:44:10,266:INFO: - Train metrics: accuracy: 0.533 ; loss: 0.417
2025-11-29 16:44:10,420:WARNING: - Eval: No data in dataloader, skipping evaluation
2025-11-29 16:44:10,576:INFO: - Found new best Average Precision
2025-11-29 16:44:10,586:INFO: Epoch 5/10
2025-11-29 16:44:11,200:INFO: - Train metrics: accuracy: 0.600 ; loss: 0.380
2025-11-29 16:44:11,340:WARNING: - Eval: No data in dataloader, skipping evaluation
2025-11-29 16:44:11,434:INFO: - Found new best Average Precision
2025-11-29 16:44:11,444:INFO: Epoch 6/10
2025-11-29 16:44:12,070:INFO: - Train metrics: accuracy: 0.633 ; loss: 0.400
2025-11-29 16:44:12,218:WARNING: - Eval: No data in dataloader, skipping evaluation
2025-11-29 16:44:12,311:INFO: - Found new best Average Precision
2025-11-29 16:44:12,321:INFO: Epoch 7/10
2025-11-29 16:44:12,953:INFO: - Train metrics: accuracy: 0.700 ; loss: 0.369
2025-11-29 16:44:13,105:WARNING: - Eval: No data in dataloader, skipping evaluation
2025-11-29 16:44:13,198:INFO: - Found new best Average Precision
2025-11-29 16:44:13,208:INFO: Epoch 8/10
2025-11-29 16:44:13,825:INFO: - Train metrics: accuracy: 0.767 ; loss: 0.323
2025-11-29 16:44:13,975:WARNING: - Eval: No data in dataloader, skipping evaluation
2025-11-29 16:44:14,069:INFO: - Found new best Average Precision
2025-11-29 16:44:14,078:INFO: Epoch 9/10
2025-11-29 16:44:14,720:INFO: - Train metrics: accuracy: 0.667 ; loss: 0.357
2025-11-29 16:44:14,877:WARNING: - Eval: No data in dataloader, skipping evaluation
2025-11-29 16:44:15,013:INFO: - Found new best Average Precision
2025-11-29 16:44:15,023:INFO: Epoch 10/10
2025-11-29 16:44:15,646:INFO: - Train metrics: accuracy: 0.733 ; loss: 0.346
2025-11-29 16:44:15,790:WARNING: - Eval: No data in dataloader, skipping evaluation
2025-11-29 16:44:15,926:INFO: - Found new best Average Precision
2025-11-29 16:44:15,941:INFO: Saved training history to experiments/grasp_attention/training_history.json
2025-11-29 16:44:17,303:INFO: Saved training curves to experiments/grasp_attention
2025-11-29 16:45:37,869:INFO: Loading the datasets...
2025-11-29 16:45:37,893:INFO: - done.
2025-11-29 16:45:37,901:INFO: Using grasp-aware attention with sigma=0.05
2025-11-29 16:45:40,815:INFO: Starting training for 10 epoch(s)
2025-11-29 16:45:40,815:INFO: Using pos_weight = 0.524 (based on 65.6% success, 34.4% failure distribution)
2025-11-29 16:45:40,815:INFO: This balances the loss to account for class imbalance
2025-11-29 16:45:40,815:INFO: Epoch 1/10
2025-11-29 16:45:55,541:INFO: - Train metrics: accuracy: 0.551 ; loss: 0.476
2025-11-29 16:45:55,682:WARNING: - Eval: No data in dataloader, skipping evaluation
2025-11-29 16:45:55,858:INFO: - Found new best Average Precision
2025-11-29 16:45:55,868:INFO: Epoch 2/10
2025-11-29 16:46:10,800:INFO: - Train metrics: accuracy: 0.707 ; loss: 0.474
2025-11-29 16:46:10,971:WARNING: - Eval: No data in dataloader, skipping evaluation
2025-11-29 16:46:11,071:INFO: - Found new best Average Precision
2025-11-29 16:46:11,079:INFO: Epoch 3/10
2025-11-29 16:46:25,883:INFO: - Train metrics: accuracy: 0.742 ; loss: 0.397
2025-11-29 16:46:26,057:WARNING: - Eval: No data in dataloader, skipping evaluation
2025-11-29 16:46:26,196:INFO: - Found new best Average Precision
2025-11-29 16:46:26,204:INFO: Epoch 4/10
2025-11-29 16:46:41,113:INFO: - Train metrics: accuracy: 0.746 ; loss: 0.387
2025-11-29 16:46:41,283:WARNING: - Eval: No data in dataloader, skipping evaluation
2025-11-29 16:46:41,389:INFO: - Found new best Average Precision
2025-11-29 16:46:41,399:INFO: Epoch 5/10
2025-11-29 16:46:56,369:INFO: - Train metrics: accuracy: 0.742 ; loss: 0.408
2025-11-29 16:46:56,540:WARNING: - Eval: No data in dataloader, skipping evaluation
2025-11-29 16:46:56,718:INFO: - Found new best Average Precision
2025-11-29 16:46:56,725:INFO: Epoch 6/10
2025-11-29 16:47:11,620:INFO: - Train metrics: accuracy: 0.750 ; loss: 0.403
2025-11-29 16:47:11,801:WARNING: - Eval: No data in dataloader, skipping evaluation
2025-11-29 16:47:11,949:INFO: - Found new best Average Precision
2025-11-29 16:47:11,959:INFO: Epoch 7/10
2025-11-29 16:47:27,115:INFO: - Train metrics: accuracy: 0.719 ; loss: 0.406
2025-11-29 16:47:27,290:WARNING: - Eval: No data in dataloader, skipping evaluation
2025-11-29 16:47:27,384:INFO: - Found new best Average Precision
2025-11-29 16:47:27,393:INFO: Epoch 8/10
2025-11-29 16:47:43,090:INFO: - Train metrics: accuracy: 0.742 ; loss: 0.416
2025-11-29 16:47:43,253:WARNING: - Eval: No data in dataloader, skipping evaluation
2025-11-29 16:47:43,386:INFO: - Found new best Average Precision
2025-11-29 16:47:43,394:INFO: Epoch 9/10
2025-11-29 16:47:58,593:INFO: - Train metrics: accuracy: 0.699 ; loss: 0.416
2025-11-29 16:47:58,759:WARNING: - Eval: No data in dataloader, skipping evaluation
2025-11-29 16:47:58,923:INFO: - Found new best Average Precision
2025-11-29 16:47:58,931:INFO: Epoch 10/10
2025-11-29 16:48:14,257:INFO: - Train metrics: accuracy: 0.809 ; loss: 0.344
2025-11-29 16:48:14,440:WARNING: - Eval: No data in dataloader, skipping evaluation
2025-11-29 16:48:14,545:INFO: - Found new best Average Precision
2025-11-29 16:48:14,559:INFO: Saved training history to experiments/grasp_attention/training_history.json
2025-11-29 16:48:15,949:INFO: Saved training curves to experiments/grasp_attention
2025-11-29 17:21:34,909:INFO: Loading the datasets...
2025-11-29 17:21:34,934:INFO: - done.
2025-11-29 17:23:10,828:INFO: Loading the datasets...
2025-11-29 17:23:10,852:INFO: - done.
2025-11-29 17:23:10,859:INFO: Using grasp-aware attention with sigma=0.05
2025-11-29 17:23:13,873:INFO: Starting training for 10 epoch(s)
2025-11-29 17:23:13,874:INFO: Using pos_weight = 0.524 (based on 65.6% success, 34.4% failure distribution)
2025-11-29 17:23:13,874:INFO: This balances the loss to account for class imbalance
2025-11-29 17:23:13,874:INFO: Epoch 1/10
2025-11-29 17:23:28,404:INFO: - Train metrics: accuracy: 0.578 ; loss: 0.443
2025-11-29 17:23:28,524:WARNING: - Eval: No data in dataloader, skipping evaluation
2025-11-29 17:23:28,645:INFO: - Found new best Average Precision
2025-11-29 17:23:28,658:INFO: Epoch 2/10
2025-11-29 17:23:43,688:INFO: - Train metrics: accuracy: 0.719 ; loss: 0.415
2025-11-29 17:23:43,816:WARNING: - Eval: No data in dataloader, skipping evaluation
2025-11-29 17:23:43,981:INFO: - Found new best Average Precision
2025-11-29 17:23:43,989:INFO: Epoch 3/10
2025-11-29 17:23:59,277:INFO: - Train metrics: accuracy: 0.746 ; loss: 0.346
2025-11-29 17:23:59,406:WARNING: - Eval: No data in dataloader, skipping evaluation
2025-11-29 17:23:59,510:INFO: - Found new best Average Precision
2025-11-29 17:23:59,518:INFO: Epoch 4/10
2025-11-29 17:24:14,923:INFO: - Train metrics: accuracy: 0.711 ; loss: 0.347
2025-11-29 17:24:15,056:WARNING: - Eval: No data in dataloader, skipping evaluation
2025-11-29 17:24:15,204:INFO: - Found new best Average Precision
2025-11-29 17:24:15,212:INFO: Epoch 5/10
2025-11-29 17:24:30,287:INFO: - Train metrics: accuracy: 0.770 ; loss: 0.367
2025-11-29 17:24:30,418:WARNING: - Eval: No data in dataloader, skipping evaluation
2025-11-29 17:24:30,566:INFO: - Found new best Average Precision
2025-11-29 17:24:30,575:INFO: Epoch 6/10
2025-11-29 17:24:45,606:INFO: - Train metrics: accuracy: 0.777 ; loss: 0.340
2025-11-29 17:24:45,747:WARNING: - Eval: No data in dataloader, skipping evaluation
2025-11-29 17:24:45,896:INFO: - Found new best Average Precision
2025-11-29 17:24:45,907:INFO: Epoch 7/10
2025-11-29 17:25:01,286:INFO: - Train metrics: accuracy: 0.801 ; loss: 0.321
2025-11-29 17:25:01,421:WARNING: - Eval: No data in dataloader, skipping evaluation
2025-11-29 17:25:01,589:INFO: - Found new best Average Precision
2025-11-29 17:25:01,598:INFO: Epoch 8/10
2025-11-29 17:25:17,179:INFO: - Train metrics: accuracy: 0.750 ; loss: 0.385
2025-11-29 17:25:17,306:WARNING: - Eval: No data in dataloader, skipping evaluation
2025-11-29 17:25:17,450:INFO: - Found new best Average Precision
2025-11-29 17:25:17,460:INFO: Epoch 9/10
2025-11-29 17:25:32,754:INFO: - Train metrics: accuracy: 0.734 ; loss: 0.400
2025-11-29 17:25:32,889:WARNING: - Eval: No data in dataloader, skipping evaluation
2025-11-29 17:25:32,987:INFO: - Found new best Average Precision
2025-11-29 17:25:32,998:INFO: Epoch 10/10
2025-11-29 17:25:48,294:INFO: - Train metrics: accuracy: 0.781 ; loss: 0.313
2025-11-29 17:25:48,439:WARNING: - Eval: No data in dataloader, skipping evaluation
2025-11-29 17:25:48,543:INFO: - Found new best Average Precision
2025-11-29 17:25:48,557:INFO: Saved training history to experiments/grasp_attention/training_history.json
2025-11-29 17:25:49,967:INFO: Saved training curves to experiments/grasp_attention
