2025-11-27 22:26:19,316:INFO: Loading the datasets...
2025-11-27 22:26:39,318:INFO: - done.
2025-11-27 22:26:40,175:INFO: Starting training for 50 epoch(s)
2025-11-27 22:26:40,176:INFO: Using pos_weight = 0.524 (based on 65.6% success, 34.4% failure distribution)
2025-11-27 22:26:40,176:INFO: This balances the loss to account for class imbalance
2025-11-27 22:26:40,176:INFO: Epoch 1/50
2025-11-27 22:27:35,808:INFO: - Train metrics: accuracy: 0.659 ; loss: 0.422
2025-11-27 22:27:41,772:INFO: - Eval metrics: accuracy: 0.607 ; loss: 0.431 ; roc_auc: 0.723 ; avg_precision: 0.817
2025-11-27 22:27:41,798:INFO: - Found new best Average Precision
2025-11-27 22:27:41,798:INFO: Epoch 2/50
2025-11-27 22:28:37,129:INFO: - Train metrics: accuracy: 0.666 ; loss: 0.415
2025-11-27 22:28:42,243:INFO: - Eval metrics: accuracy: 0.677 ; loss: 0.416 ; roc_auc: 0.732 ; avg_precision: 0.822
2025-11-27 22:28:42,307:INFO: - Found new best Average Precision
2025-11-27 22:28:42,309:INFO: Epoch 3/50
2025-11-27 22:29:37,667:INFO: - Train metrics: accuracy: 0.669 ; loss: 0.416
2025-11-27 22:29:42,749:INFO: - Eval metrics: accuracy: 0.629 ; loss: 0.426 ; roc_auc: 0.728 ; avg_precision: 0.821
2025-11-27 22:29:42,777:INFO: Epoch 4/50
2025-11-27 22:30:38,144:INFO: - Train metrics: accuracy: 0.675 ; loss: 0.413
2025-11-27 22:30:43,203:INFO: - Eval metrics: accuracy: 0.678 ; loss: 0.421 ; roc_auc: 0.728 ; avg_precision: 0.817
2025-11-27 22:30:43,235:INFO: Epoch 5/50
2025-11-27 22:31:38,591:INFO: - Train metrics: accuracy: 0.676 ; loss: 0.411
2025-11-27 22:31:43,665:INFO: - Eval metrics: accuracy: 0.687 ; loss: 0.422 ; roc_auc: 0.725 ; avg_precision: 0.821
2025-11-27 22:31:43,696:INFO: Epoch 6/50
2025-11-27 22:32:39,066:INFO: - Train metrics: accuracy: 0.686 ; loss: 0.407
2025-11-27 22:32:44,202:INFO: - Eval metrics: accuracy: 0.669 ; loss: 0.421 ; roc_auc: 0.724 ; avg_precision: 0.818
2025-11-27 22:32:44,230:INFO: Epoch 7/50
2025-11-27 22:33:39,517:INFO: - Train metrics: accuracy: 0.681 ; loss: 0.410
2025-11-27 22:33:44,590:INFO: - Eval metrics: accuracy: 0.637 ; loss: 0.427 ; roc_auc: 0.732 ; avg_precision: 0.825
2025-11-27 22:33:44,640:INFO: - Found new best Average Precision
2025-11-27 22:33:44,641:INFO: Epoch 8/50
2025-11-27 22:34:39,915:INFO: - Train metrics: accuracy: 0.686 ; loss: 0.405
2025-11-27 22:34:45,012:INFO: - Eval metrics: accuracy: 0.670 ; loss: 0.412 ; roc_auc: 0.739 ; avg_precision: 0.829
2025-11-27 22:34:45,060:INFO: - Found new best Average Precision
2025-11-27 22:34:45,062:INFO: Epoch 9/50
2025-11-27 22:35:40,378:INFO: - Train metrics: accuracy: 0.694 ; loss: 0.401
2025-11-27 22:35:45,456:INFO: - Eval metrics: accuracy: 0.674 ; loss: 0.410 ; roc_auc: 0.742 ; avg_precision: 0.833
2025-11-27 22:35:45,507:INFO: - Found new best Average Precision
2025-11-27 22:35:45,508:INFO: Epoch 10/50
2025-11-27 22:36:40,837:INFO: - Train metrics: accuracy: 0.698 ; loss: 0.397
2025-11-27 22:36:45,874:INFO: - Eval metrics: accuracy: 0.685 ; loss: 0.413 ; roc_auc: 0.738 ; avg_precision: 0.828
2025-11-27 22:36:45,904:INFO: Epoch 11/50
2025-11-27 22:37:41,149:INFO: - Train metrics: accuracy: 0.692 ; loss: 0.403
2025-11-27 22:37:46,187:INFO: - Eval metrics: accuracy: 0.663 ; loss: 0.424 ; roc_auc: 0.733 ; avg_precision: 0.828
2025-11-27 22:37:46,220:INFO: Epoch 12/50
2025-11-27 22:38:41,481:INFO: - Train metrics: accuracy: 0.703 ; loss: 0.397
2025-11-27 22:38:46,575:INFO: - Eval metrics: accuracy: 0.664 ; loss: 0.420 ; roc_auc: 0.748 ; avg_precision: 0.839
2025-11-27 22:38:46,624:INFO: - Found new best Average Precision
2025-11-27 22:38:46,625:INFO: Epoch 13/50
2025-11-27 22:39:42,061:INFO: - Train metrics: accuracy: 0.700 ; loss: 0.393
2025-11-27 22:39:47,193:INFO: - Eval metrics: accuracy: 0.696 ; loss: 0.410 ; roc_auc: 0.748 ; avg_precision: 0.839
2025-11-27 22:39:47,235:INFO: - Found new best Average Precision
2025-11-27 22:39:47,236:INFO: Epoch 14/50
2025-11-27 22:40:42,580:INFO: - Train metrics: accuracy: 0.702 ; loss: 0.392
2025-11-27 22:40:47,714:INFO: - Eval metrics: accuracy: 0.705 ; loss: 0.409 ; roc_auc: 0.750 ; avg_precision: 0.843
2025-11-27 22:40:47,755:INFO: - Found new best Average Precision
2025-11-27 22:40:47,756:INFO: Epoch 15/50
2025-11-27 22:41:43,187:INFO: - Train metrics: accuracy: 0.703 ; loss: 0.387
2025-11-27 22:41:48,262:INFO: - Eval metrics: accuracy: 0.715 ; loss: 0.408 ; roc_auc: 0.755 ; avg_precision: 0.844
2025-11-27 22:41:48,302:INFO: - Found new best Average Precision
2025-11-27 22:41:48,302:INFO: Epoch 16/50
2025-11-27 22:42:43,646:INFO: - Train metrics: accuracy: 0.709 ; loss: 0.382
2025-11-27 22:42:48,761:INFO: - Eval metrics: accuracy: 0.683 ; loss: 0.408 ; roc_auc: 0.753 ; avg_precision: 0.845
2025-11-27 22:42:48,810:INFO: - Found new best Average Precision
2025-11-27 22:42:48,811:INFO: Epoch 17/50
2025-11-27 22:43:44,170:INFO: - Train metrics: accuracy: 0.721 ; loss: 0.374
2025-11-27 22:43:49,214:INFO: - Eval metrics: accuracy: 0.701 ; loss: 0.394 ; roc_auc: 0.767 ; avg_precision: 0.854
2025-11-27 22:43:49,255:INFO: - Found new best Average Precision
2025-11-27 22:43:49,255:INFO: Epoch 18/50
2025-11-27 22:44:44,343:INFO: - Train metrics: accuracy: 0.721 ; loss: 0.375
2025-11-27 22:44:49,480:INFO: - Eval metrics: accuracy: 0.671 ; loss: 0.397 ; roc_auc: 0.767 ; avg_precision: 0.855
2025-11-27 22:44:49,528:INFO: - Found new best Average Precision
2025-11-27 22:44:49,529:INFO: Epoch 19/50
2025-11-27 22:45:44,651:INFO: - Train metrics: accuracy: 0.725 ; loss: 0.373
2025-11-27 22:45:49,672:INFO: - Eval metrics: accuracy: 0.708 ; loss: 0.393 ; roc_auc: 0.772 ; avg_precision: 0.859
2025-11-27 22:45:49,723:INFO: - Found new best Average Precision
2025-11-27 22:45:49,724:INFO: Epoch 20/50
2025-11-27 22:46:44,895:INFO: - Train metrics: accuracy: 0.731 ; loss: 0.369
2025-11-27 22:46:49,959:INFO: - Eval metrics: accuracy: 0.729 ; loss: 0.395 ; roc_auc: 0.776 ; avg_precision: 0.860
2025-11-27 22:46:50,010:INFO: - Found new best Average Precision
2025-11-27 22:46:50,011:INFO: Epoch 21/50
2025-11-27 22:47:45,215:INFO: - Train metrics: accuracy: 0.729 ; loss: 0.367
2025-11-27 22:47:50,290:INFO: - Eval metrics: accuracy: 0.714 ; loss: 0.389 ; roc_auc: 0.780 ; avg_precision: 0.861
2025-11-27 22:47:50,341:INFO: - Found new best Average Precision
2025-11-27 22:47:50,341:INFO: Epoch 22/50
2025-11-27 22:48:45,598:INFO: - Train metrics: accuracy: 0.740 ; loss: 0.357
2025-11-27 22:48:50,654:INFO: - Eval metrics: accuracy: 0.701 ; loss: 0.398 ; roc_auc: 0.779 ; avg_precision: 0.862
2025-11-27 22:48:50,704:INFO: - Found new best Average Precision
2025-11-27 22:48:50,706:INFO: Epoch 23/50
2025-11-27 22:49:46,074:INFO: - Train metrics: accuracy: 0.743 ; loss: 0.355
2025-11-27 22:49:51,204:INFO: - Eval metrics: accuracy: 0.695 ; loss: 0.394 ; roc_auc: 0.778 ; avg_precision: 0.861
2025-11-27 22:49:51,236:INFO: Epoch 24/50
2025-11-27 22:50:46,725:INFO: - Train metrics: accuracy: 0.741 ; loss: 0.353
2025-11-27 22:50:51,884:INFO: - Eval metrics: accuracy: 0.698 ; loss: 0.387 ; roc_auc: 0.783 ; avg_precision: 0.863
2025-11-27 22:50:51,933:INFO: - Found new best Average Precision
2025-11-27 22:50:51,934:INFO: Epoch 25/50
2025-11-27 22:51:47,697:INFO: - Train metrics: accuracy: 0.743 ; loss: 0.351
2025-11-27 22:51:53,012:INFO: - Eval metrics: accuracy: 0.703 ; loss: 0.391 ; roc_auc: 0.777 ; avg_precision: 0.861
2025-11-27 22:51:53,045:INFO: Epoch 26/50
2025-11-27 22:52:48,771:INFO: - Train metrics: accuracy: 0.743 ; loss: 0.350
2025-11-27 22:52:53,941:INFO: - Eval metrics: accuracy: 0.725 ; loss: 0.400 ; roc_auc: 0.774 ; avg_precision: 0.859
2025-11-27 22:52:53,968:INFO: Epoch 27/50
2025-11-27 22:53:49,631:INFO: - Train metrics: accuracy: 0.753 ; loss: 0.345
2025-11-27 22:53:54,816:INFO: - Eval metrics: accuracy: 0.725 ; loss: 0.394 ; roc_auc: 0.778 ; avg_precision: 0.861
2025-11-27 22:53:54,846:INFO: Epoch 28/50
2025-11-27 22:54:50,501:INFO: - Train metrics: accuracy: 0.745 ; loss: 0.356
2025-11-27 22:54:55,651:INFO: - Eval metrics: accuracy: 0.713 ; loss: 0.391 ; roc_auc: 0.779 ; avg_precision: 0.862
2025-11-27 22:54:55,683:INFO: Epoch 29/50
2025-11-27 22:55:51,496:INFO: - Train metrics: accuracy: 0.754 ; loss: 0.342
2025-11-27 22:55:56,710:INFO: - Eval metrics: accuracy: 0.721 ; loss: 0.395 ; roc_auc: 0.777 ; avg_precision: 0.861
2025-11-27 22:55:56,741:INFO: Epoch 30/50
2025-11-27 22:56:52,502:INFO: - Train metrics: accuracy: 0.751 ; loss: 0.348
2025-11-27 22:56:57,695:INFO: - Eval metrics: accuracy: 0.714 ; loss: 0.394 ; roc_auc: 0.777 ; avg_precision: 0.860
2025-11-27 22:56:57,725:INFO: Epoch 31/50
2025-11-27 22:57:53,357:INFO: - Train metrics: accuracy: 0.751 ; loss: 0.345
2025-11-27 22:57:58,447:INFO: - Eval metrics: accuracy: 0.698 ; loss: 0.397 ; roc_auc: 0.781 ; avg_precision: 0.863
2025-11-27 22:57:58,477:INFO: Epoch 32/50
2025-11-27 22:58:54,072:INFO: - Train metrics: accuracy: 0.756 ; loss: 0.340
2025-11-27 22:58:59,246:INFO: - Eval metrics: accuracy: 0.719 ; loss: 0.391 ; roc_auc: 0.782 ; avg_precision: 0.864
2025-11-27 22:58:59,297:INFO: - Found new best Average Precision
2025-11-27 22:58:59,297:INFO: Epoch 33/50
2025-11-27 22:59:54,970:INFO: - Train metrics: accuracy: 0.760 ; loss: 0.338
2025-11-27 23:00:00,211:INFO: - Eval metrics: accuracy: 0.694 ; loss: 0.403 ; roc_auc: 0.778 ; avg_precision: 0.862
2025-11-27 23:00:00,238:INFO: Epoch 34/50
2025-11-27 23:00:56,006:INFO: - Train metrics: accuracy: 0.761 ; loss: 0.336
2025-11-27 23:01:01,156:INFO: - Eval metrics: accuracy: 0.707 ; loss: 0.393 ; roc_auc: 0.782 ; avg_precision: 0.864
2025-11-27 23:01:01,186:INFO: Epoch 35/50
2025-11-27 23:01:56,878:INFO: - Train metrics: accuracy: 0.753 ; loss: 0.342
2025-11-27 23:02:02,002:INFO: - Eval metrics: accuracy: 0.699 ; loss: 0.389 ; roc_auc: 0.784 ; avg_precision: 0.866
2025-11-27 23:02:02,052:INFO: - Found new best Average Precision
2025-11-27 23:02:02,052:INFO: Epoch 36/50
2025-11-27 23:02:57,720:INFO: - Train metrics: accuracy: 0.763 ; loss: 0.334
2025-11-27 23:03:02,874:INFO: - Eval metrics: accuracy: 0.719 ; loss: 0.393 ; roc_auc: 0.780 ; avg_precision: 0.862
2025-11-27 23:03:02,904:INFO: Epoch 37/50
2025-11-27 23:03:58,766:INFO: - Train metrics: accuracy: 0.759 ; loss: 0.342
2025-11-27 23:04:03,989:INFO: - Eval metrics: accuracy: 0.707 ; loss: 0.391 ; roc_auc: 0.783 ; avg_precision: 0.864
2025-11-27 23:04:04,017:INFO: Epoch 38/50
2025-11-27 23:04:59,664:INFO: - Train metrics: accuracy: 0.761 ; loss: 0.336
2025-11-27 23:05:04,852:INFO: - Eval metrics: accuracy: 0.704 ; loss: 0.393 ; roc_auc: 0.781 ; avg_precision: 0.863
2025-11-27 23:05:04,883:INFO: Epoch 39/50
2025-11-27 23:06:00,472:INFO: - Train metrics: accuracy: 0.763 ; loss: 0.335
2025-11-27 23:06:05,597:INFO: - Eval metrics: accuracy: 0.709 ; loss: 0.399 ; roc_auc: 0.777 ; avg_precision: 0.861
2025-11-27 23:06:05,629:INFO: Epoch 40/50
2025-11-27 23:07:01,226:INFO: - Train metrics: accuracy: 0.762 ; loss: 0.337
2025-11-27 23:07:06,367:INFO: - Eval metrics: accuracy: 0.710 ; loss: 0.397 ; roc_auc: 0.781 ; avg_precision: 0.862
2025-11-27 23:07:06,397:INFO: Epoch 41/50
2025-11-27 23:08:02,038:INFO: - Train metrics: accuracy: 0.768 ; loss: 0.330
2025-11-27 23:08:07,200:INFO: - Eval metrics: accuracy: 0.719 ; loss: 0.392 ; roc_auc: 0.784 ; avg_precision: 0.865
2025-11-27 23:08:07,231:INFO: Epoch 42/50
2025-11-27 23:09:02,970:INFO: - Train metrics: accuracy: 0.767 ; loss: 0.326
2025-11-27 23:09:08,067:INFO: - Eval metrics: accuracy: 0.720 ; loss: 0.398 ; roc_auc: 0.780 ; avg_precision: 0.863
2025-11-27 23:09:08,098:INFO: Epoch 43/50
2025-11-27 23:10:03,728:INFO: - Train metrics: accuracy: 0.768 ; loss: 0.328
2025-11-27 23:10:08,847:INFO: - Eval metrics: accuracy: 0.716 ; loss: 0.396 ; roc_auc: 0.783 ; avg_precision: 0.865
2025-11-27 23:10:08,874:INFO: Epoch 44/50
2025-11-27 23:11:04,535:INFO: - Train metrics: accuracy: 0.768 ; loss: 0.327
2025-11-27 23:11:09,693:INFO: - Eval metrics: accuracy: 0.706 ; loss: 0.397 ; roc_auc: 0.782 ; avg_precision: 0.865
2025-11-27 23:11:09,725:INFO: Epoch 45/50
2025-11-27 23:12:05,548:INFO: - Train metrics: accuracy: 0.770 ; loss: 0.327
2025-11-27 23:12:10,725:INFO: - Eval metrics: accuracy: 0.712 ; loss: 0.398 ; roc_auc: 0.785 ; avg_precision: 0.866
2025-11-27 23:12:10,757:INFO: Epoch 46/50
2025-11-27 23:13:06,372:INFO: - Train metrics: accuracy: 0.777 ; loss: 0.318
2025-11-27 23:13:11,524:INFO: - Eval metrics: accuracy: 0.714 ; loss: 0.394 ; roc_auc: 0.784 ; avg_precision: 0.866
2025-11-27 23:13:11,576:INFO: - Found new best Average Precision
2025-11-27 23:13:11,576:INFO: Epoch 47/50
2025-11-27 23:14:07,204:INFO: - Train metrics: accuracy: 0.771 ; loss: 0.325
2025-11-27 23:14:12,302:INFO: - Eval metrics: accuracy: 0.721 ; loss: 0.397 ; roc_auc: 0.782 ; avg_precision: 0.865
2025-11-27 23:14:12,333:INFO: Epoch 48/50
2025-11-27 23:15:07,881:INFO: - Train metrics: accuracy: 0.768 ; loss: 0.325
2025-11-27 23:15:12,996:INFO: - Eval metrics: accuracy: 0.715 ; loss: 0.395 ; roc_auc: 0.783 ; avg_precision: 0.865
2025-11-27 23:15:13,023:INFO: Epoch 49/50
2025-11-27 23:16:08,656:INFO: - Train metrics: accuracy: 0.773 ; loss: 0.322
2025-11-27 23:16:13,769:INFO: - Eval metrics: accuracy: 0.709 ; loss: 0.400 ; roc_auc: 0.780 ; avg_precision: 0.863
2025-11-27 23:16:13,799:INFO: Epoch 50/50
2025-11-27 23:17:09,494:INFO: - Train metrics: accuracy: 0.777 ; loss: 0.318
2025-11-27 23:17:14,638:INFO: - Eval metrics: accuracy: 0.713 ; loss: 0.398 ; roc_auc: 0.783 ; avg_precision: 0.865
2025-11-27 23:17:14,670:INFO: Saved training history to experiments/quick_train_improved_50epochs/training_history.json
2025-11-27 23:17:16,034:INFO: Saved training curves to experiments/quick_train_improved_50epochs
