2025-11-23 05:43:19,286:INFO: Loading the datasets...
2025-11-23 05:44:43,563:INFO: - done.
2025-11-23 05:44:45,614:INFO: Starting training for 50 epoch(s)
2025-11-23 05:44:45,615:INFO: Epoch 1/50
2025-11-23 05:50:34,345:INFO: Loading the datasets...
2025-11-23 05:51:24,032:INFO: - done.
2025-11-23 05:51:26,032:INFO: Starting training for 50 epoch(s)
2025-11-23 05:51:26,032:INFO: Epoch 1/50
2025-11-23 05:55:27,115:INFO: Loading the datasets...
2025-11-23 05:55:47,632:INFO: - done.
2025-11-23 05:55:48,516:INFO: Starting training for 5 epoch(s)
2025-11-23 05:55:48,516:INFO: Epoch 1/5
2025-11-23 09:22:25,439:INFO: - Train metrics: accuracy: 0.663 ; loss: 1.094
2025-11-23 10:09:05,203:INFO: - Eval metrics: accuracy: 0.690 ; loss: 1.146 ; roc_auc: 0.713 ; avg_precision: 0.812
2025-11-23 10:09:05,257:INFO: - Found new best Average Precision
2025-11-23 10:09:05,257:INFO: Epoch 2/5
2025-11-23 13:33:03,998:INFO: - Train metrics: accuracy: 0.669 ; loss: 1.054
2025-11-23 14:20:05,727:INFO: - Eval metrics: accuracy: 0.658 ; loss: 1.086 ; roc_auc: 0.725 ; avg_precision: 0.820
2025-11-23 14:20:05,827:INFO: - Found new best Average Precision
2025-11-23 14:20:05,828:INFO: Epoch 3/5
2025-11-23 17:45:22,057:INFO: - Train metrics: accuracy: 0.666 ; loss: 1.058
2025-11-23 18:32:09,466:INFO: - Eval metrics: accuracy: 0.684 ; loss: 1.132 ; roc_auc: 0.723 ; avg_precision: 0.817
2025-11-23 18:32:09,532:INFO: Epoch 4/5
2025-11-23 21:56:47,128:INFO: - Train metrics: accuracy: 0.666 ; loss: 1.055
2025-11-23 22:43:46,088:INFO: - Eval metrics: accuracy: 0.667 ; loss: 1.053 ; roc_auc: 0.734 ; avg_precision: 0.825
2025-11-23 22:43:46,185:INFO: - Found new best Average Precision
2025-11-23 22:43:46,186:INFO: Epoch 5/5
2025-11-24 02:09:09,265:INFO: - Train metrics: accuracy: 0.668 ; loss: 1.044
2025-11-24 02:56:10,455:INFO: - Eval metrics: accuracy: 0.661 ; loss: 1.076 ; roc_auc: 0.719 ; avg_precision: 0.815
2025-11-24 02:56:10,524:INFO: Saved training history to experiments/full_dataset/training_history.json
2025-11-24 02:56:12,105:INFO: Saved training curves to experiments/full_dataset
