2025-11-08 16:57:14,690:INFO: Loading the datasets...
2025-11-08 16:57:14,733:INFO: - done.
2025-11-08 16:57:15,290:INFO: Starting training for 50 epoch(s)
2025-11-08 16:57:15,291:INFO: Epoch 1/50
2025-11-08 16:58:30,505:INFO: Loading the datasets...
2025-11-08 16:58:30,559:INFO: - done.
2025-11-08 16:58:31,115:INFO: Starting training for 50 epoch(s)
2025-11-08 16:58:31,116:INFO: Epoch 1/50
2025-11-09 17:50:29,182:INFO: Loading the datasets...
2025-11-09 17:50:29,235:INFO: - done.
2025-11-09 17:50:30,047:INFO: Starting training for 50 epoch(s)
2025-11-09 17:50:30,048:INFO: Epoch 1/50
2025-11-09 17:52:45,623:INFO: - Train metrics: accuracy: 0.605 ; loss: 2.573
2025-11-10 09:20:13,974:INFO: Loading the datasets...
2025-11-10 09:20:14,049:INFO: - done.
2025-11-10 09:20:14,686:INFO: Starting training for 50 epoch(s)
2025-11-10 09:20:14,687:INFO: Epoch 1/50
2025-11-10 09:22:22,012:INFO: - Train metrics: accuracy: 0.605 ; loss: 2.573
2025-11-10 09:22:25,127:WARNING: - Eval: No data in dataloader, skipping evaluation
2025-11-10 09:22:25,162:INFO: - Found new best Average Precision
2025-11-10 09:22:25,164:INFO: Epoch 2/50
